Plugin constructed
getPluginInterface
getMenuName
Plugin constructed
getPluginInterface
show entered
before standalone minimal window allocation
after standalone minimal window allocation
before standalone minimal window open
standalone minimal window opened
show entered
standalone minimal window opened
window closed
Plugin constructed
getPluginInterface
getMenuName
Plugin constructed
getPluginInterface
show entered
before standalone minimal window allocation
after standalone minimal window allocation
before standalone minimal window open
standalone minimal window opened
Plugin constructed
getPluginInterface
getMenuName
Plugin constructed
getPluginInterface
getMenuName
Plugin constructed
getPluginInterface
getMenuName
Plugin constructed
getPluginInterface
show entered
before standalone minimal window allocation
after standalone minimal window allocation
before standalone minimal window open
standalone minimal window opened
convert clicked
before createTGTIModel file-only
createTGTIModel entered
before applyXmlConfig
before loadMatpowerCase
before appendTGTIModel
plugin archive write skipped
before writeOutputFile
createTGTIModel completed
after createTGTIModel ok
Plugin constructed
getPluginInterface
getMenuName
Plugin constructed
getPluginInterface
getMenuName
Plugin constructed
getPluginInterface
show entered
before standalone minimal window allocation
after standalone minimal window allocation
before standalone minimal window open
standalone minimal window opened
convert clicked
before createTGTIModel file-only
createTGTIModel entered
before applyXmlConfig
before loadMatpowerCase
before appendTGTIModel
plugin archive write skipped
before writeOutputFile
createTGTIModel completed
after createTGTIModel ok
window closed
Plugin constructed
getPluginInterface
getMenuName
Plugin constructed
getPluginInterface
show entered
before standalone minimal window allocation
after standalone minimal window allocation
before standalone minimal window open
standalone minimal window opened
convert clicked
before createTGTIModel file-only
createTGTIModel entered
before applyXmlConfig
before loadMatpowerCase
before appendTGTIModel
plugin archive write skipped
before writeOutputFile
createTGTIModel completed
after createTGTIModel ok
Plugin constructed
getPluginInterface
getMenuName
Plugin constructed
getPluginInterface
getMenuName
Plugin constructed
getPluginInterface
show entered
before standalone minimal window allocation
after standalone minimal window allocation
before standalone minimal window open
standalone minimal window opened
convert clicked
before createTGTIModel file-only
createTGTIModel entered
before applyXmlConfig
before loadMatpowerCase
before appendTGTIModel
plugin archive write skipped
before writeOutputFile
createTGTIModel completed
after createTGTIModel ok
window closed
Plugin constructed
getPluginInterface
getMenuName
Plugin constructed
getPluginInterface
show entered
before standalone minimal window allocation
after standalone minimal window allocation
before standalone minimal window open
standalone minimal window opened
convert clicked
before createTGTIModel file-only
createTGTIModel entered
before applyXmlConfig
before loadMatpowerCase
before appendTGTIModel
plugin archive write skipped
before writeOutputFile
createTGTIModel completed
after createTGTIModel ok
Plugin constructed
getPluginInterface
getMenuName
Plugin constructed
getPluginInterface
getMenuName
Plugin constructed
getPluginInterface
show entered
before standalone minimal window allocation
after standalone minimal window allocation
before standalone minimal window open
standalone minimal window opened
convert clicked
before createTGTIModel file-only
createTGTIModel entered
before applyXmlConfig
before loadMatpowerCase
before appendTGTIModel
plugin archive write skipped
before writeOutputFile
createTGTIModel completed
after createTGTIModel ok
Plugin constructed
getPluginInterface
getMenuName
window closed
Plugin constructed
getPluginInterface
getMenuName
Plugin constructed
getPluginInterface
show entered
before standalone minimal window allocation
after standalone minimal window allocation
before standalone minimal window open
standalone minimal window opened
convert clicked
before createTGTIModel file-only
createTGTIModel entered
before applyXmlConfig
before loadMatpowerCase
before appendTGTIModel
plugin archive write skipped
before writeOutputFile
createTGTIModel completed
after createTGTIModel ok
Plugin constructed
getPluginInterface
getMenuName
Plugin constructed
getPluginInterface
getMenuName
convert clicked
before createTGTIModel file-only
createTGTIModel entered
before applyXmlConfig
before loadMatpowerCase
before appendTGTIModel
plugin archive write skipped
before writeOutputFile
createTGTIModel completed
after createTGTIModel ok
Plugin constructed
getPluginInterface
getMenuName
window closed
